{"/Users/darshanaswathappa/Desktop/SE/SDLC-TeamProject/replate-ai/backend/api-service/src/routes/groceryList.js": {"path":"/Users/darshanaswathappa/Desktop/SE/SDLC-TeamProject/replate-ai/backend/api-service/src/routes/groceryList.js","statementMap":{"0":{"start":{"line":3,"column":16},"end":{"line":3,"column":34}},"1":{"start":{"line":9,"column":4},"end":{"line":9,"column":45}},"2":{"start":{"line":10,"column":32},"end":{"line":10,"column":80}},"3":{"start":{"line":12,"column":15},"end":{"line":12,"column":31}},"4":{"start":{"line":29,"column":0},"end":{"line":51,"column":3}},"5":{"start":{"line":30,"column":2},"end":{"line":50,"column":3}},"6":{"start":{"line":31,"column":58},"end":{"line":31,"column":66}},"7":{"start":{"line":33,"column":4},"end":{"line":38,"column":5}},"8":{"start":{"line":34,"column":6},"end":{"line":37,"column":9}},"9":{"start":{"line":40,"column":17},"end":{"line":44,"column":6}},"10":{"start":{"line":46,"column":4},"end":{"line":46,"column":57}},"11":{"start":{"line":48,"column":4},"end":{"line":48,"column":82}},"12":{"start":{"line":49,"column":4},"end":{"line":49,"column":72}},"13":{"start":{"line":61,"column":0},"end":{"line":69,"column":3}},"14":{"start":{"line":62,"column":2},"end":{"line":68,"column":3}},"15":{"start":{"line":63,"column":18},"end":{"line":63,"column":55}},"16":{"start":{"line":64,"column":4},"end":{"line":64,"column":58}},"17":{"start":{"line":66,"column":4},"end":{"line":66,"column":83}},"18":{"start":{"line":67,"column":4},"end":{"line":67,"column":72}},"19":{"start":{"line":82,"column":0},"end":{"line":95,"column":3}},"20":{"start":{"line":83,"column":2},"end":{"line":94,"column":3}},"21":{"start":{"line":84,"column":17},"end":{"line":84,"column":68}},"22":{"start":{"line":86,"column":4},"end":{"line":88,"column":5}},"23":{"start":{"line":87,"column":6},"end":{"line":87,"column":87}},"24":{"start":{"line":90,"column":4},"end":{"line":90,"column":57}},"25":{"start":{"line":92,"column":4},"end":{"line":92,"column":82}},"26":{"start":{"line":93,"column":4},"end":{"line":93,"column":72}},"27":{"start":{"line":110,"column":0},"end":{"line":127,"column":3}},"28":{"start":{"line":111,"column":2},"end":{"line":126,"column":3}},"29":{"start":{"line":112,"column":31},"end":{"line":112,"column":41}},"30":{"start":{"line":113,"column":17},"end":{"line":113,"column":73}},"31":{"start":{"line":114,"column":4},"end":{"line":114,"column":57}},"32":{"start":{"line":117,"column":6},"end":{"line":118,"column":54}},"33":{"start":{"line":120,"column":4},"end":{"line":122,"column":5}},"34":{"start":{"line":121,"column":6},"end":{"line":121,"column":74}},"35":{"start":{"line":124,"column":4},"end":{"line":124,"column":87}},"36":{"start":{"line":125,"column":4},"end":{"line":125,"column":72}},"37":{"start":{"line":129,"column":0},"end":{"line":129,"column":24}}},"fnMap":{"0":{"name":"(anonymous_0)","decl":{"start":{"line":29,"column":38},"end":{"line":29,"column":39}},"loc":{"start":{"line":29,"column":58},"end":{"line":51,"column":1}},"line":29},"1":{"name":"(anonymous_1)","decl":{"start":{"line":61,"column":37},"end":{"line":61,"column":38}},"loc":{"start":{"line":61,"column":57},"end":{"line":69,"column":1}},"line":61},"2":{"name":"(anonymous_2)","decl":{"start":{"line":82,"column":44},"end":{"line":82,"column":45}},"loc":{"start":{"line":82,"column":64},"end":{"line":95,"column":1}},"line":82},"3":{"name":"(anonymous_3)","decl":{"start":{"line":110,"column":66},"end":{"line":110,"column":67}},"loc":{"start":{"line":110,"column":86},"end":{"line":127,"column":1}},"line":110}},"branchMap":{"0":{"loc":{"start":{"line":33,"column":4},"end":{"line":38,"column":5}},"type":"if","locations":[{"start":{"line":33,"column":4},"end":{"line":38,"column":5}},{"start":{},"end":{}}],"line":33},"1":{"loc":{"start":{"line":33,"column":8},"end":{"line":33,"column":56}},"type":"binary-expr","locations":[{"start":{"line":33,"column":8},"end":{"line":33,"column":17}},{"start":{"line":33,"column":21},"end":{"line":33,"column":33}},{"start":{"line":33,"column":37},"end":{"line":33,"column":56}}],"line":33},"2":{"loc":{"start":{"line":86,"column":4},"end":{"line":88,"column":5}},"type":"if","locations":[{"start":{"line":86,"column":4},"end":{"line":88,"column":5}},{"start":{},"end":{}}],"line":86},"3":{"loc":{"start":{"line":117,"column":6},"end":{"line":118,"column":54}},"type":"binary-expr","locations":[{"start":{"line":117,"column":6},"end":{"line":117,"column":46}},{"start":{"line":118,"column":6},"end":{"line":118,"column":54}}],"line":117},"4":{"loc":{"start":{"line":120,"column":4},"end":{"line":122,"column":5}},"type":"if","locations":[{"start":{"line":120,"column":4},"end":{"line":122,"column":5}},{"start":{},"end":{}}],"line":120}},"s":{"0":1,"1":1,"2":1,"3":1,"4":1,"5":4,"6":4,"7":4,"8":3,"9":1,"10":1,"11":0,"12":0,"13":1,"14":0,"15":0,"16":0,"17":0,"18":0,"19":1,"20":2,"21":2,"22":2,"23":1,"24":1,"25":0,"26":0,"27":1,"28":3,"29":3,"30":3,"31":1,"32":2,"33":2,"34":2,"35":0,"36":0,"37":1},"f":{"0":4,"1":0,"2":2,"3":3},"b":{"0":[3,1],"1":[4,3,2],"2":[1,1],"3":[2,1],"4":[2,0]},"_coverageSchema":"1a1c01bbd47fc00a2c39e90264f33305004495a9","hash":"a5f288975363b6d7e9bb07189e11102773f9bf7a"}
,"/Users/darshanaswathappa/Desktop/SE/SDLC-TeamProject/replate-ai/backend/api-service/src/services/groceryListService.js": {"path":"/Users/darshanaswathappa/Desktop/SE/SDLC-TeamProject/replate-ai/backend/api-service/src/services/groceryListService.js","statementMap":{"0":{"start":{"line":17,"column":15},"end":{"line":17,"column":32}},"1":{"start":{"line":23,"column":4},"end":{"line":23,"column":52}},"2":{"start":{"line":33,"column":19},"end":{"line":33,"column":34}},"3":{"start":{"line":34,"column":16},"end":{"line":37,"column":5}},"4":{"start":{"line":34,"column":62},"end":{"line":37,"column":3}},"5":{"start":{"line":38,"column":2},"end":{"line":44,"column":4}},"6":{"start":{"line":55,"column":16},"end":{"line":55,"column":18}},"7":{"start":{"line":57,"column":2},"end":{"line":65,"column":3}},"8":{"start":{"line":58,"column":19},"end":{"line":58,"column":38}},"9":{"start":{"line":59,"column":4},"end":{"line":64,"column":6}},"10":{"start":{"line":67,"column":19},"end":{"line":72,"column":3}},"11":{"start":{"line":74,"column":16},"end":{"line":74,"column":79}},"12":{"start":{"line":76,"column":2},"end":{"line":76,"column":51}},"13":{"start":{"line":87,"column":15},"end":{"line":87,"column":45}},"14":{"start":{"line":88,"column":15},"end":{"line":88,"column":45}},"15":{"start":{"line":90,"column":14},"end":{"line":90,"column":47}},"16":{"start":{"line":90,"column":31},"end":{"line":90,"column":46}},"17":{"start":{"line":91,"column":2},"end":{"line":93,"column":3}},"18":{"start":{"line":92,"column":4},"end":{"line":92,"column":16}},"19":{"start":{"line":95,"column":2},"end":{"line":95,"column":25}},"20":{"start":{"line":105,"column":15},"end":{"line":105,"column":45}},"21":{"start":{"line":106,"column":15},"end":{"line":106,"column":45}},"22":{"start":{"line":107,"column":2},"end":{"line":107,"column":30}},"23":{"start":{"line":123,"column":15},"end":{"line":123,"column":45}},"24":{"start":{"line":124,"column":15},"end":{"line":124,"column":45}},"25":{"start":{"line":126,"column":14},"end":{"line":126,"column":47}},"26":{"start":{"line":126,"column":31},"end":{"line":126,"column":46}},"27":{"start":{"line":127,"column":2},"end":{"line":129,"column":3}},"28":{"start":{"line":128,"column":4},"end":{"line":128,"column":46}},"29":{"start":{"line":131,"column":15},"end":{"line":131,"column":40}},"30":{"start":{"line":132,"column":2},"end":{"line":134,"column":3}},"31":{"start":{"line":133,"column":4},"end":{"line":133,"column":54}},"32":{"start":{"line":136,"column":19},"end":{"line":136,"column":42}},"33":{"start":{"line":138,"column":2},"end":{"line":140,"column":5}},"34":{"start":{"line":142,"column":2},"end":{"line":146,"column":4}},"35":{"start":{"line":149,"column":0},"end":{"line":154,"column":2}}},"fnMap":{"0":{"name":"formatList","decl":{"start":{"line":32,"column":9},"end":{"line":32,"column":19}},"loc":{"start":{"line":32,"column":25},"end":{"line":45,"column":1}},"line":32},"1":{"name":"(anonymous_1)","decl":{"start":{"line":34,"column":45},"end":{"line":34,"column":46}},"loc":{"start":{"line":34,"column":62},"end":{"line":37,"column":3}},"line":34},"2":{"name":"createGroceryList","decl":{"start":{"line":54,"column":15},"end":{"line":54,"column":32}},"loc":{"start":{"line":54,"column":88},"end":{"line":77,"column":1}},"line":54},"3":{"name":"getGroceryList","decl":{"start":{"line":86,"column":15},"end":{"line":86,"column":29}},"loc":{"start":{"line":86,"column":46},"end":{"line":96,"column":1}},"line":86},"4":{"name":"(anonymous_4)","decl":{"start":{"line":90,"column":24},"end":{"line":90,"column":25}},"loc":{"start":{"line":90,"column":31},"end":{"line":90,"column":46}},"line":90},"5":{"name":"getUserGroceryLists","decl":{"start":{"line":104,"column":15},"end":{"line":104,"column":34}},"loc":{"start":{"line":104,"column":43},"end":{"line":108,"column":1}},"line":104},"6":{"name":"toggleItemAvailability","decl":{"start":{"line":122,"column":15},"end":{"line":122,"column":37}},"loc":{"start":{"line":122,"column":62},"end":{"line":147,"column":1}},"line":122},"7":{"name":"(anonymous_7)","decl":{"start":{"line":126,"column":24},"end":{"line":126,"column":25}},"loc":{"start":{"line":126,"column":31},"end":{"line":126,"column":46}},"line":126}},"branchMap":{"0":{"loc":{"start":{"line":33,"column":19},"end":{"line":33,"column":34}},"type":"binary-expr","locations":[{"start":{"line":33,"column":19},"end":{"line":33,"column":28}},{"start":{"line":33,"column":32},"end":{"line":33,"column":34}}],"line":33},"1":{"loc":{"start":{"line":61,"column":14},"end":{"line":61,"column":36}},"type":"binary-expr","locations":[{"start":{"line":61,"column":14},"end":{"line":61,"column":31}},{"start":{"line":61,"column":35},"end":{"line":61,"column":36}}],"line":61},"2":{"loc":{"start":{"line":62,"column":12},"end":{"line":62,"column":33}},"type":"binary-expr","locations":[{"start":{"line":62,"column":12},"end":{"line":62,"column":27}},{"start":{"line":62,"column":31},"end":{"line":62,"column":33}}],"line":62},"3":{"loc":{"start":{"line":91,"column":2},"end":{"line":93,"column":3}},"type":"if","locations":[{"start":{"line":91,"column":2},"end":{"line":93,"column":3}},{"start":{},"end":{}}],"line":91},"4":{"loc":{"start":{"line":127,"column":2},"end":{"line":129,"column":3}},"type":"if","locations":[{"start":{"line":127,"column":2},"end":{"line":129,"column":3}},{"start":{},"end":{}}],"line":127},"5":{"loc":{"start":{"line":131,"column":16},"end":{"line":131,"column":31}},"type":"binary-expr","locations":[{"start":{"line":131,"column":16},"end":{"line":131,"column":25}},{"start":{"line":131,"column":29},"end":{"line":131,"column":31}}],"line":131},"6":{"loc":{"start":{"line":132,"column":2},"end":{"line":134,"column":3}},"type":"if","locations":[{"start":{"line":132,"column":2},"end":{"line":134,"column":3}},{"start":{},"end":{}}],"line":132}},"s":{"0":2,"1":2,"2":6,"3":6,"4":10,"5":6,"6":3,"7":3,"8":6,"9":6,"10":3,"11":3,"12":3,"13":2,"14":2,"15":2,"16":1,"17":2,"18":1,"19":1,"20":1,"21":1,"22":1,"23":4,"24":4,"25":4,"26":3,"27":4,"28":1,"29":3,"30":3,"31":1,"32":2,"33":2,"34":2,"35":2},"f":{"0":6,"1":10,"2":3,"3":2,"4":1,"5":1,"6":4,"7":3},"b":{"0":[6,0],"1":[6,0],"2":[6,0],"3":[1,1],"4":[1,3],"5":[3,0],"6":[1,2]},"_coverageSchema":"1a1c01bbd47fc00a2c39e90264f33305004495a9","hash":"92befb2ae5b182c262ff7a76fce6696e85346201"}
}
