TN:
SF:src/routes/groceryList.js
FN:29,(anonymous_0)
FN:61,(anonymous_1)
FN:82,(anonymous_2)
FN:110,(anonymous_3)
FNF:4
FNH:3
FNDA:4,(anonymous_0)
FNDA:0,(anonymous_1)
FNDA:2,(anonymous_2)
FNDA:3,(anonymous_3)
DA:3,1
DA:9,1
DA:10,1
DA:12,1
DA:29,1
DA:30,4
DA:31,4
DA:33,4
DA:34,3
DA:40,1
DA:46,1
DA:48,0
DA:49,0
DA:61,1
DA:62,0
DA:63,0
DA:64,0
DA:66,0
DA:67,0
DA:82,1
DA:83,2
DA:84,2
DA:86,2
DA:87,1
DA:90,1
DA:92,0
DA:93,0
DA:110,1
DA:111,3
DA:112,3
DA:113,3
DA:114,1
DA:117,2
DA:120,2
DA:121,2
DA:124,0
DA:125,0
DA:129,1
LF:38
LH:27
BRDA:33,0,0,3
BRDA:33,0,1,1
BRDA:33,1,0,4
BRDA:33,1,1,3
BRDA:33,1,2,2
BRDA:86,2,0,1
BRDA:86,2,1,1
BRDA:117,3,0,2
BRDA:117,3,1,1
BRDA:120,4,0,2
BRDA:120,4,1,0
BRF:11
BRH:10
end_of_record
TN:
SF:src/services/groceryListService.js
FN:32,formatList
FN:34,(anonymous_1)
FN:54,createGroceryList
FN:86,getGroceryList
FN:90,(anonymous_4)
FN:104,getUserGroceryLists
FN:122,toggleItemAvailability
FN:126,(anonymous_7)
FNF:8
FNH:8
FNDA:6,formatList
FNDA:10,(anonymous_1)
FNDA:3,createGroceryList
FNDA:2,getGroceryList
FNDA:1,(anonymous_4)
FNDA:1,getUserGroceryLists
FNDA:4,toggleItemAvailability
FNDA:3,(anonymous_7)
DA:17,2
DA:23,2
DA:33,6
DA:34,10
DA:38,6
DA:55,3
DA:57,3
DA:58,6
DA:59,6
DA:67,3
DA:74,3
DA:76,3
DA:87,2
DA:88,2
DA:90,2
DA:91,2
DA:92,1
DA:95,1
DA:105,1
DA:106,1
DA:107,1
DA:123,4
DA:124,4
DA:126,4
DA:127,4
DA:128,1
DA:131,3
DA:132,3
DA:133,1
DA:136,2
DA:138,2
DA:142,2
DA:149,2
LF:33
LH:33
BRDA:33,0,0,6
BRDA:33,0,1,0
BRDA:61,1,0,6
BRDA:61,1,1,0
BRDA:62,2,0,6
BRDA:62,2,1,0
BRDA:91,3,0,1
BRDA:91,3,1,1
BRDA:127,4,0,1
BRDA:127,4,1,3
BRDA:131,5,0,3
BRDA:131,5,1,0
BRDA:132,6,0,1
BRDA:132,6,1,2
BRF:14
BRH:10
end_of_record
